# JRE version: OpenJDK Runtime Environment (17.0.6) (build 17.0.6+0-b2043.56-10027231)
# Java VM: OpenJDK 64-Bit Server VM (17.0.6+0-b2043.56-10027231, mixed mode, tiered, compressed oops, compressed class ptrs, g1 gc, windows-amd64)
GC Precious Log:
 CPUs: 8 total, 8 available
 Memory: 8072M
 Large Page Support: Disabled
 NUMA Support: Disabled
 Compressed Oops: Enabled (32-bit)
 Heap Region Size: 1M
 Heap Min Capacity: 8M
 Heap Initial Capacity: 128M
 Heap Max Capacity: 2G
 Pre-touch: Disabled
 Parallel Workers: 8
 Concurrent Workers: 2
 Concurrent Refinement Workers: 8
 Periodic GC: Disabled
Heap:
 garbage-first heap   total 68608K, used 34488K [0x0000000080000000, 0x0000000100000000)
  region size 1024K, 3 young (3072K), 2 survivors (2048K)
 Metaspace       used 52361K, committed 52800K, reserved 1097728K
  class space    used 7033K, committed 7232K, reserved 1048576K
GC Heap History (20 events):
Event: 8.438 GC heap before
{Heap before GC invocations=2 (full 0):
 garbage-first heap   total 131072K, used 53317K [0x0000000080000000, 0x0000000100000000)
  region size 1024K, 43 young (44032K), 4 survivors (4096K)
 Metaspace       used 21242K, committed 21504K, reserved 1073152K
  class space    used 2587K, committed 2752K, reserved 1048576K
}
Event: 8.443 GC heap after
{Heap after GC invocations=3 (full 0):
 garbage-first heap   total 131072K, used 18465K [0x0000000080000000, 0x0000000100000000)
  region size 1024K, 8 young (8192K), 8 survivors (8192K)
 Metaspace       used 21242K, committed 21504K, reserved 1073152K
  class space    used 2587K, committed 2752K, reserved 1048576K
}
Event: 36.534 GC heap before
{Heap before GC invocations=4 (full 0):
 garbage-first heap   total 68608K, used 51233K [0x0000000080000000, 0x0000000100000000)
  region size 1024K, 40 young (40960K), 8 survivors (8192K)
 Metaspace       used 26277K, committed 26560K, reserved 1073152K
  class space    used 3456K, committed 3584K, reserved 1048576K
}
Event: 36.546 GC heap after
{Heap after GC invocations=5 (full 0):
 garbage-first heap   total 68608K, used 20431K [0x0000000080000000, 0x0000000100000000)
  region size 1024K, 3 young (3072K), 3 survivors (3072K)
 Metaspace       used 26277K, committed 26560K, reserved 1073152K
  class space    used 3456K, committed 3584K, reserved 1048576K
}
Event: 37.233 GC heap before
{Heap before GC invocations=5 (full 0):
 garbage-first heap   total 68608K, used 46031K [0x0000000080000000, 0x0000000100000000)
  region size 1024K, 28 young (28672K), 3 survivors (3072K)
 Metaspace       used 30226K, committed 30528K, reserved 1081344K
  class space    used 4108K, committed 4224K, reserved 1048576K
}
Event: 37.239 GC heap after
{Heap after GC invocations=6 (full 0):
 garbage-first heap   total 68608K, used 21800K [0x0000000080000000, 0x0000000100000000)
  region size 1024K, 4 young (4096K), 4 survivors (4096K)
 Metaspace       used 30226K, committed 30528K, reserved 1081344K
  class space    used 4108K, committed 4224K, reserved 1048576K
}
Event: 40.564 GC heap before
{Heap before GC invocations=6 (full 0):
 garbage-first heap   total 68608K, used 48424K [0x0000000080000000, 0x0000000100000000)
  region size 1024K, 30 young (30720K), 4 survivors (4096K)
 Metaspace       used 34589K, committed 34944K, reserved 1081344K
  class space    used 4777K, committed 4928K, reserved 1048576K
}
Event: 40.570 GC heap after
{Heap after GC invocations=7 (full 0):
 garbage-first heap   total 68608K, used 23311K [0x0000000080000000, 0x0000000100000000)
  region size 1024K, 4 young (4096K), 4 survivors (4096K)
 Metaspace       used 34589K, committed 34944K, reserved 1081344K
  class space    used 4777K, committed 4928K, reserved 1048576K
}
Event: 40.771 GC heap before
{Heap before GC invocations=7 (full 0):
 garbage-first heap   total 68608K, used 27407K [0x0000000080000000, 0x0000000100000000)
  region size 1024K, 10 young (10240K), 4 survivors (4096K)
 Metaspace       used 35644K, committed 35968K, reserved 1081344K
  class space    used 4887K, committed 5056K, reserved 1048576K
}
Event: 40.777 GC heap after
{Heap after GC invocations=8 (full 0):
 garbage-first heap   total 68608K, used 24361K [0x0000000080000000, 0x0000000100000000)
  region size 1024K, 3 young (3072K), 3 survivors (3072K)
 Metaspace       used 35644K, committed 35968K, reserved 1081344K
  class space    used 4887K, committed 5056K, reserved 1048576K
}
Event: 42.558 GC heap before
{Heap before GC invocations=9 (full 0):
 garbage-first heap   total 68608K, used 47913K [0x0000000080000000, 0x0000000100000000)
  region size 1024K, 27 young (27648K), 3 survivors (3072K)
 Metaspace       used 40472K, committed 40768K, reserved 1089536K
  class space    used 5370K, committed 5504K, reserved 1048576K
}
Event: 42.563 GC heap after
{Heap after GC invocations=10 (full 0):
 garbage-first heap   total 68608K, used 28189K [0x0000000080000000, 0x0000000100000000)
  region size 1024K, 4 young (4096K), 4 survivors (4096K)
 Metaspace       used 40472K, committed 40768K, reserved 1089536K
  class space    used 5370K, committed 5504K, reserved 1048576K
}
Event: 43.089 GC heap before
{Heap before GC invocations=10 (full 0):
 garbage-first heap   total 68608K, used 52765K [0x0000000080000000, 0x0000000100000000)
  region size 1024K, 25 young (25600K), 4 survivors (4096K)
 Metaspace       used 42809K, committed 43136K, reserved 1089536K
  class space    used 5615K, committed 5760K, reserved 1048576K
}
Event: 43.093 GC heap after
{Heap after GC invocations=11 (full 0):
 garbage-first heap   total 68608K, used 29755K [0x0000000080000000, 0x0000000100000000)
  region size 1024K, 3 young (3072K), 3 survivors (3072K)
 Metaspace       used 42809K, committed 43136K, reserved 1089536K
  class space    used 5615K, committed 5760K, reserved 1048576K
}
Event: 43.813 GC heap before
{Heap before GC invocations=11 (full 0):
 garbage-first heap   total 68608K, used 50235K [0x0000000080000000, 0x0000000100000000)
  region size 1024K, 23 young (23552K), 3 survivors (3072K)
 Metaspace       used 44659K, committed 45120K, reserved 1089536K
  class space    used 5801K, committed 6016K, reserved 1048576K
}
Event: 43.818 GC heap after
{Heap after GC invocations=12 (full 0):
 garbage-first heap   total 68608K, used 31089K [0x0000000080000000, 0x0000000100000000)
  region size 1024K, 2 young (2048K), 2 survivors (2048K)
 Metaspace       used 44659K, committed 45120K, reserved 1089536K
  class space    used 5801K, committed 6016K, reserved 1048576K
}
Event: 44.573 GC heap before
{Heap before GC invocations=12 (full 0):
 garbage-first heap   total 68608K, used 51569K [0x0000000080000000, 0x0000000100000000)
  region size 1024K, 22 young (22528K), 2 survivors (2048K)
 Metaspace       used 47201K, committed 47680K, reserved 1097728K
  class space    used 6230K, committed 6464K, reserved 1048576K
}
Event: 44.578 GC heap after
{Heap after GC invocations=13 (full 0):
 garbage-first heap   total 68608K, used 32417K [0x0000000080000000, 0x0000000100000000)
  region size 1024K, 3 young (3072K), 3 survivors (3072K)
 Metaspace       used 47201K, committed 47680K, reserved 1097728K
  class space    used 6230K, committed 6464K, reserved 1048576K
}
Event: 45.191 GC heap before
{Heap before GC invocations=13 (full 0):
 garbage-first heap   total 68608K, used 52897K [0x0000000080000000, 0x0000000100000000)
  region size 1024K, 23 young (23552K), 3 survivors (3072K)
 Metaspace       used 50066K, committed 50496K, reserved 1097728K
  class space    used 6700K, committed 6912K, reserved 1048576K
}
Event: 45.195 GC heap after
{Heap after GC invocations=14 (full 0):
 garbage-first heap   total 68608K, used 33554K [0x0000000080000000, 0x0000000100000000)
  region size 1024K, 3 young (3072K), 3 survivors (3072K)
 Metaspace       used 50066K, committed 50496K, reserved 1097728K
  class space    used 6700K, committed 6912K, reserved 1048576K
}

